[19-Sep-2025 05:45:55 Europe/Berlin] PHP Warning:  require_once(auth.php): Failed to open stream: No such file or directory in C:\xampp\htdocs\mmprojct\includes\config.php on line 36
[19-Sep-2025 05:45:55 Europe/Berlin] PHP Fatal error:  Uncaught Error: Failed opening required 'auth.php' (include_path='C:\xampp\php\PEAR') in C:\xampp\htdocs\mmprojct\includes\config.php:36
Stack trace:
#0 C:\xampp\htdocs\mmprojct\index.php(2): require_once()
#1 {main}
  thrown in C:\xampp\htdocs\mmprojct\includes\config.php on line 36
[19-Sep-2025 05:46:40 Europe/Berlin] PHP Warning:  require_once(auth.php): Failed to open stream: No such file or directory in C:\xampp\htdocs\mmprojct\includes\config.php on line 36
[19-Sep-2025 05:46:40 Europe/Berlin] PHP Fatal error:  Uncaught Error: Failed opening required 'auth.php' (include_path='C:\xampp\php\PEAR') in C:\xampp\htdocs\mmprojct\includes\config.php:36
Stack trace:
#0 C:\xampp\htdocs\mmprojct\index.php(2): require_once()
#1 {main}
  thrown in C:\xampp\htdocs\mmprojct\includes\config.php on line 36
[19-Sep-2025 05:46:41 Europe/Berlin] PHP Warning:  require_once(auth.php): Failed to open stream: No such file or directory in C:\xampp\htdocs\mmprojct\includes\config.php on line 36
[19-Sep-2025 05:46:41 Europe/Berlin] PHP Fatal error:  Uncaught Error: Failed opening required 'auth.php' (include_path='C:\xampp\php\PEAR') in C:\xampp\htdocs\mmprojct\includes\config.php:36
Stack trace:
#0 C:\xampp\htdocs\mmprojct\index.php(2): require_once()
#1 {main}
  thrown in C:\xampp\htdocs\mmprojct\includes\config.php on line 36
[19-Sep-2025 05:48:08 Europe/Berlin] PHP Warning:  require_once(auth.php): Failed to open stream: No such file or directory in C:\xampp\htdocs\mmprojct\includes\config.php on line 36
[19-Sep-2025 05:48:08 Europe/Berlin] PHP Fatal error:  Uncaught Error: Failed opening required 'auth.php' (include_path='C:\xampp\php\PEAR') in C:\xampp\htdocs\mmprojct\includes\config.php:36
Stack trace:
#0 C:\xampp\htdocs\mmprojct\index.php(2): require_once()
#1 {main}
  thrown in C:\xampp\htdocs\mmprojct\includes\config.php on line 36
[19-Sep-2025 05:48:09 Europe/Berlin] PHP Warning:  require_once(auth.php): Failed to open stream: No such file or directory in C:\xampp\htdocs\mmprojct\includes\config.php on line 36
[19-Sep-2025 05:48:09 Europe/Berlin] PHP Fatal error:  Uncaught Error: Failed opening required 'auth.php' (include_path='C:\xampp\php\PEAR') in C:\xampp\htdocs\mmprojct\includes\config.php:36
Stack trace:
#0 C:\xampp\htdocs\mmprojct\index.php(2): require_once()
#1 {main}
  thrown in C:\xampp\htdocs\mmprojct\includes\config.php on line 36
